{"meta": {"version": "7.3.1", "timestamp": "2023-09-11T20:37:44.686740", "branch_coverage": false, "show_contexts": false}, "files": {"/Library/Python/3.9/site-packages/certifi-2022.12.7-py3.9.egg/certifi/__init__.py": {"executed_lines": [1, 3, 4], "summary": {"covered_lines": 3, "num_statements": 3, "percent_covered": 100.0, "percent_covered_display": "100", "missing_lines": 0, "excluded_lines": 0}, "missing_lines": [], "excluded_lines": []}, "/Library/Python/3.9/site-packages/certifi-2022.12.7-py3.9.egg/certifi/core.py": {"executed_lines": [1, 7, 10, 44, 46, 48, 49, 51, 59, 71, 72, 74, 76], "summary": {"covered_lines": 12, "num_statements": 36, "percent_covered": 33.333333333333336, "percent_covered_display": "33", "missing_lines": 24, "excluded_lines": 0}, "missing_lines": [12, 14, 15, 17, 25, 36, 37, 39, 41, 42, 77, 80, 81, 82, 84, 85, 91, 97, 98, 102, 103, 105, 107, 108], "excluded_lines": []}, "/Library/Python/3.9/site-packages/charset_normalizer-3.0.1-py3.9.egg/charset_normalizer/__init__.py": {"executed_lines": [2, 22, 24, 25, 26, 27, 28, 30, 45], "summary": {"covered_lines": 9, "num_statements": 9, "percent_covered": 100.0, "percent_covered_display": "100", "missing_lines": 0, "excluded_lines": 0}, "missing_lines": [], "excluded_lines": []}, "/Library/Python/3.9/site-packages/charset_normalizer-3.0.1-py3.9.egg/charset_normalizer/api.py": {"executed_lines": [1, 2, 3, 5, 11, 12, 13, 14, 26, 27, 28, 33, 499, 527], "summary": {"covered_lines": 14, "num_statements": 195, "percent_covered": 7.17948717948718, "percent_covered_display": "7", "missing_lines": 181, "excluded_lines": 0}, "missing_lines": [62, 63, 69, 70, 71, 72, 74, 76, 77, 78, 79, 80, 81, 83, 84, 90, 92, 94, 95, 101, 103, 105, 106, 113, 114, 116, 117, 119, 120, 122, 123, 129, 130, 137, 139, 143, 144, 145, 151, 152, 153, 155, 156, 157, 159, 161, 163, 164, 165, 172, 174, 175, 177, 179, 180, 182, 183, 185, 186, 188, 190, 191, 192, 196, 197, 202, 203, 204, 209, 211, 212, 213, 214, 219, 221, 222, 223, 230, 236, 237, 238, 244, 245, 247, 249, 250, 251, 252, 254, 255, 261, 263, 269, 275, 276, 283, 285, 286, 287, 289, 290, 292, 293, 304, 306, 314, 315, 317, 320, 321, 322, 328, 329, 333, 338, 339, 340, 341, 347, 348, 350, 351, 352, 353, 362, 366, 369, 370, 371, 372, 374, 375, 377, 384, 385, 387, 389, 390, 397, 401, 402, 403, 409, 411, 413, 414, 421, 432, 436, 439, 440, 441, 442, 444, 445, 450, 451, 452, 453, 455, 456, 457, 462, 463, 467, 468, 477, 478, 479, 480, 481, 483, 484, 490, 492, 493, 494, 496, 514, 542, 543], "excluded_lines": []}, "/Library/Python/3.9/site-packages/charset_normalizer-3.0.1-py3.9.egg/charset_normalizer/assets/__init__.py": {"executed_lines": [2, 6], "summary": {"covered_lines": 2, "num_statements": 2, "percent_covered": 100.0, "percent_covered_display": "100", "missing_lines": 0, "excluded_lines": 0}, "missing_lines": [], "excluded_lines": []}, "/Library/Python/3.9/site-packages/charset_normalizer-3.0.1-py3.9.egg/charset_normalizer/cd.py": {"executed_lines": [1, 2, 3, 4, 5, 7, 8, 9, 10, 11, 20, 59, 74, 75, 94, 95, 115, 116, 132, 168, 248, 287, 315, 342, 343], "summary": {"covered_lines": 25, "num_statements": 189, "percent_covered": 13.227513227513228, "percent_covered_display": "13", "missing_lines": 164, "excluded_lines": 0}, "missing_lines": [24, 25, 27, 31, 32, 33, 35, 36, 38, 39, 41, 42, 44, 45, 46, 47, 48, 50, 63, 65, 66, 67, 68, 69, 71, 80, 81, 83, 84, 85, 86, 88, 89, 91, 100, 106, 107, 108, 109, 110, 112, 120, 121, 123, 124, 125, 126, 127, 129, 138, 140, 142, 144, 146, 147, 149, 150, 152, 154, 158, 160, 161, 163, 165, 176, 177, 179, 180, 182, 183, 185, 187, 190, 191, 193, 194, 197, 199, 203, 205, 210, 211, 213, 216, 219, 220, 222, 226, 230, 231, 232, 234, 235, 236, 238, 242, 243, 245, 254, 256, 257, 258, 260, 262, 263, 265, 267, 268, 272, 273, 275, 276, 278, 279, 280, 282, 284, 292, 293, 294, 295, 296, 297, 298, 299, 301, 312, 320, 322, 323, 324, 326, 327, 329, 331, 332, 334, 335, 337, 339, 351, 352, 354, 356, 357, 358, 359, 361, 362, 363, 365, 367, 368, 370, 372, 375, 379, 380, 381, 382, 384, 386, 387, 389], "excluded_lines": []}, "/Library/Python/3.9/site-packages/charset_normalizer-3.0.1-py3.9.egg/charset_normalizer/constant.py": {"executed_lines": [1, 2, 3, 4, 6, 9, 23, 24, 26, 28, 311, 329, 334, 342, 345, 434, 470, 489, 490, 492, 495], "summary": {"covered_lines": 21, "num_statements": 21, "percent_covered": 100.0, "percent_covered_display": "100", "missing_lines": 0, "excluded_lines": 0}, "missing_lines": [], "excluded_lines": []}, "/Library/Python/3.9/site-packages/charset_normalizer-3.0.1-py3.9.egg/charset_normalizer/legacy.py": {"executed_lines": [1, 3, 4, 7], "summary": {"covered_lines": 4, "num_statements": 14, "percent_covered": 28.571428571428573, "percent_covered_display": "29", "missing_lines": 10, "excluded_lines": 1}, "missing_lines": [17, 23, 24, 26, 28, 29, 30, 34, 35, 37], "excluded_lines": [18]}, "/Library/Python/3.9/site-packages/charset_normalizer-3.0.1-py3.9.egg/charset_normalizer/md.py": {"executed_lines": [1, 2, 3, 5, 10, 30, 31, 36, 42, 49, 55, 56, 64, 65, 73, 76, 94, 99, 100, 111, 112, 116, 119, 125, 129, 130, 137, 138, 142, 145, 150, 153, 154, 161, 162, 168, 171, 185, 190, 191, 198, 199, 204, 207, 230, 235, 236, 250, 251, 265, 268, 322, 332, 333, 340, 341, 346, 350, 353, 360, 364, 365, 371, 372, 385, 388, 430, 439, 440, 447, 448, 518, 519], "summary": {"covered_lines": 62, "num_statements": 280, "percent_covered": 22.142857142857142, "percent_covered_display": "22", "missing_lines": 218, "excluded_lines": 45}, "missing_lines": [66, 67, 68, 70, 71, 74, 77, 79, 83, 84, 85, 90, 92, 101, 102, 104, 108, 113, 114, 117, 120, 122, 123, 131, 132, 133, 134, 139, 140, 143, 146, 147, 148, 155, 156, 158, 163, 164, 166, 169, 172, 173, 178, 179, 181, 182, 183, 192, 193, 195, 200, 201, 202, 205, 208, 210, 215, 216, 218, 219, 220, 222, 223, 225, 226, 228, 237, 238, 240, 244, 245, 247, 252, 253, 254, 256, 257, 259, 260, 262, 263, 266, 269, 270, 271, 272, 273, 282, 283, 284, 285, 286, 289, 290, 292, 294, 295, 296, 299, 300, 301, 302, 303, 304, 306, 307, 308, 309, 311, 312, 313, 314, 319, 320, 334, 335, 337, 347, 348, 351, 354, 355, 356, 357, 358, 366, 367, 368, 373, 375, 377, 378, 380, 382, 383, 386, 389, 390, 392, 393, 398, 402, 403, 404, 405, 406, 407, 409, 411, 412, 414, 415, 418, 419, 420, 422, 424, 426, 427, 428, 441, 442, 444, 454, 455, 457, 458, 460, 461, 463, 464, 468, 471, 473, 477, 478, 479, 480, 481, 484, 492, 495, 496, 497, 499, 500, 501, 502, 503, 506, 510, 511, 512, 513, 515, 526, 530, 532, 534, 535, 536, 537, 539, 541, 542, 543, 544, 546, 549, 551, 552, 554, 555, 557, 564, 565, 566, 571], "excluded_lines": [40, 47, 49, 50, 53, 61, 94, 95, 96, 97, 125, 126, 127, 150, 151, 185, 186, 187, 188, 230, 231, 232, 233, 322, 323, 324, 325, 326, 327, 328, 329, 330, 360, 361, 362, 430, 431, 432, 433, 434, 435, 436, 437, 568, 569]}, "/Library/Python/3.9/site-packages/charset_normalizer-3.0.1-py3.9.egg/charset_normalizer/models.py": {"executed_lines": [1, 2, 3, 4, 6, 7, 10, 11, 36, 45, 64, 65, 68, 74, 77, 88, 89, 92, 93, 105, 106, 109, 110, 113, 114, 121, 122, 149, 150, 153, 154, 159, 160, 163, 164, 167, 168, 174, 175, 178, 179, 182, 183, 194, 195, 203, 214, 215, 222, 223, 228, 231, 234, 248, 251, 254, 274, 282, 289, 290, 293, 294, 320, 321, 336], "summary": {"covered_lines": 64, "num_statements": 174, "percent_covered": 36.7816091954023, "percent_covered_display": "37", "missing_lines": 110, "excluded_lines": 0}, "missing_lines": [20, 22, 23, 24, 25, 26, 28, 29, 31, 32, 34, 37, 38, 43, 49, 50, 52, 53, 56, 58, 59, 60, 62, 66, 70, 71, 72, 75, 78, 79, 85, 86, 90, 97, 98, 99, 100, 101, 102, 103, 107, 111, 119, 127, 130, 131, 134, 136, 142, 143, 145, 147, 151, 155, 156, 157, 161, 165, 172, 176, 180, 184, 185, 187, 191, 192, 201, 208, 209, 210, 212, 219, 229, 232, 239, 240, 241, 242, 243, 244, 245, 246, 249, 252, 259, 260, 266, 267, 268, 269, 270, 271, 272, 278, 279, 280, 286, 308, 309, 310, 311, 312, 313, 314, 315, 316, 317, 318, 322, 337], "excluded_lines": []}, "/Library/Python/3.9/site-packages/charset_normalizer-3.0.1-py3.9.egg/charset_normalizer/utils.py": {"executed_lines": [1, 2, 3, 4, 5, 6, 7, 8, 10, 12, 22, 23, 38, 39, 49, 50, 63, 64, 72, 73, 81, 82, 96, 97, 111, 112, 121, 122, 131, 132, 136, 142, 143, 152, 153, 162, 163, 172, 173, 182, 183, 192, 193, 197, 198, 208, 240, 241, 261, 279, 283, 299, 313, 338, 349, 363], "summary": {"covered_lines": 56, "num_statements": 214, "percent_covered": 26.16822429906542, "percent_covered_display": "26", "missing_lines": 158, "excluded_lines": 0}, "missing_lines": [24, 25, 26, 27, 28, 40, 41, 42, 44, 46, 54, 56, 57, 58, 60, 65, 66, 67, 68, 69, 74, 75, 76, 77, 78, 83, 85, 86, 88, 90, 91, 93, 98, 100, 101, 103, 105, 106, 108, 113, 115, 116, 118, 123, 124, 126, 128, 133, 137, 139, 144, 145, 146, 147, 149, 154, 155, 156, 157, 159, 164, 165, 166, 167, 169, 174, 175, 176, 177, 179, 184, 185, 186, 187, 189, 194, 199, 212, 213, 215, 217, 222, 223, 225, 226, 231, 232, 233, 234, 235, 237, 245, 266, 267, 269, 270, 272, 273, 274, 276, 280, 284, 289, 290, 291, 293, 294, 296, 300, 302, 303, 305, 306, 308, 310, 315, 316, 318, 321, 325, 326, 328, 330, 331, 332, 333, 335, 343, 355, 356, 358, 359, 360, 375, 376, 377, 378, 379, 380, 382, 383, 384, 385, 387, 389, 390, 392, 399, 401, 403, 407, 408, 410, 411, 413, 415, 416, 418], "excluded_lines": []}, "/Library/Python/3.9/site-packages/charset_normalizer-3.0.1-py3.9.egg/charset_normalizer/version.py": {"executed_lines": [1, 5, 6], "summary": {"covered_lines": 2, "num_statements": 2, "percent_covered": 100.0, "percent_covered_display": "100", "missing_lines": 0, "excluded_lines": 0}, "missing_lines": [], "excluded_lines": []}, "/Library/Python/3.9/site-packages/idna-3.4-py3.9.egg/idna/__init__.py": {"executed_lines": [1, 2, 22, 24], "summary": {"covered_lines": 4, "num_statements": 4, "percent_covered": 100.0, "percent_covered_display": "100", "missing_lines": 0, "excluded_lines": 0}, "missing_lines": [], "excluded_lines": []}, "/Library/Python/3.9/site-packages/idna-3.4-py3.9.egg/idna/core.py": {"executed_lines": [1, 2, 3, 4, 5, 6, 8, 9, 10, 12, 13, 14, 17, 18, 19, 22, 23, 24, 27, 28, 29, 32, 39, 42, 45, 49, 55, 61, 120, 126, 134, 139, 182, 224, 255, 279, 308, 340, 373], "summary": {"covered_lines": 35, "num_statements": 294, "percent_covered": 11.904761904761905, "percent_covered_display": "12", "missing_lines": 259, "excluded_lines": 0}, "missing_lines": [33, 34, 35, 36, 37, 40, 43, 46, 50, 51, 52, 56, 57, 58, 63, 64, 65, 66, 68, 69, 70, 71, 72, 75, 76, 77, 78, 79, 81, 83, 84, 85, 86, 88, 90, 91, 93, 94, 95, 96, 98, 99, 100, 102, 103, 106, 107, 109, 110, 111, 112, 114, 115, 117, 121, 122, 123, 127, 128, 129, 130, 131, 135, 136, 140, 142, 144, 145, 146, 148, 149, 150, 151, 152, 153, 154, 155, 157, 158, 160, 161, 162, 163, 164, 165, 166, 167, 168, 170, 172, 173, 174, 175, 179, 183, 185, 186, 187, 188, 189, 191, 192, 193, 194, 196, 197, 198, 199, 201, 202, 203, 204, 205, 206, 207, 209, 210, 211, 212, 213, 215, 216, 217, 218, 219, 221, 225, 226, 227, 228, 230, 231, 232, 234, 235, 236, 237, 238, 239, 240, 241, 243, 244, 246, 247, 248, 250, 252, 256, 257, 258, 259, 260, 261, 262, 263, 265, 266, 268, 269, 270, 271, 273, 274, 276, 280, 281, 282, 283, 284, 285, 287, 289, 290, 291, 292, 293, 294, 295, 297, 298, 300, 301, 302, 303, 304, 305, 310, 311, 313, 314, 315, 316, 318, 319, 320, 321, 322, 325, 326, 329, 330, 331, 332, 333, 337, 341, 342, 343, 344, 345, 346, 347, 348, 349, 350, 351, 353, 354, 355, 356, 357, 358, 359, 360, 361, 362, 364, 365, 366, 367, 368, 369, 370, 374, 375, 376, 377, 378, 379, 380, 381, 382, 383, 384, 386, 387, 388, 389, 390, 391, 392, 393, 394, 395, 397, 398, 399, 400], "excluded_lines": []}, "/Library/Python/3.9/site-packages/idna-3.4-py3.9.egg/idna/idnadata.py": {"executed_lines": [3, 4, 102, 932], "summary": {"covered_lines": 4, "num_statements": 4, "percent_covered": 100.0, "percent_covered_display": "100", "missing_lines": 0, "excluded_lines": 0}, "missing_lines": [], "excluded_lines": []}, "/Library/Python/3.9/site-packages/idna-3.4-py3.9.egg/idna/intranges.py": {"executed_lines": [1, 8, 9, 11, 32, 35, 39], "summary": {"covered_lines": 6, "num_statements": 30, "percent_covered": 20.0, "percent_covered_display": "20", "missing_lines": 24, "excluded_lines": 0}, "missing_lines": [19, 20, 21, 22, 23, 24, 25, 26, 27, 28, 30, 33, 36, 41, 42, 45, 46, 47, 48, 50, 51, 52, 53, 54], "excluded_lines": []}, "/Library/Python/3.9/site-packages/idna-3.4-py3.9.egg/idna/package_data.py": {"executed_lines": [1], "summary": {"covered_lines": 1, "num_statements": 1, "percent_covered": 100.0, "percent_covered_display": "100", "missing_lines": 0, "excluded_lines": 0}, "missing_lines": [], "excluded_lines": []}, "/Library/Python/3.9/site-packages/purpleair_api-1.1.0a1-py3.9.egg/purpleair_api/PurpleAirAPIConstants.py": {"executed_lines": [3, 9, 12, 15, 20], "summary": {"covered_lines": 5, "num_statements": 5, "percent_covered": 100.0, "percent_covered_display": "100", "missing_lines": 0, "excluded_lines": 0}, "missing_lines": [], "excluded_lines": []}, "/Library/Python/3.9/site-packages/purpleair_api-1.1.0a1-py3.9.egg/purpleair_api/PurpleAirAPIError.py": {"executed_lines": [3, 10, 11, 15, 16, 17], "summary": {"covered_lines": 5, "num_statements": 5, "percent_covered": 100.0, "percent_covered_display": "100", "missing_lines": 0, "excluded_lines": 0}, "missing_lines": [], "excluded_lines": []}, "/Library/Python/3.9/site-packages/purpleair_api-1.1.0a1-py3.9.egg/purpleair_api/PurpleAirAPIHelpers.py": {"executed_lines": [3, 9, 16, 17, 18, 21, 31, 36, 43, 44, 46, 47, 50, 53, 62, 63, 64, 65, 66, 68, 71, 82, 83, 84, 86, 89, 106, 107, 109, 110, 111, 115, 116, 117, 118, 120, 121, 126, 127, 130, 132, 133, 134, 137, 138, 142, 144, 146, 147, 148, 149, 152, 157, 165, 166, 167, 168, 169, 176, 177, 179, 181, 182, 183, 184, 187, 192, 200, 201, 202, 203, 210, 212, 214, 215, 216, 217, 220], "summary": {"covered_lines": 78, "num_statements": 79, "percent_covered": 98.73417721518987, "percent_covered_display": "99", "missing_lines": 1, "excluded_lines": 0}, "missing_lines": [33], "excluded_lines": []}, "/Library/Python/3.9/site-packages/purpleair_api-1.1.0a1-py3.9.egg/purpleair_api/PurpleAirLocalAPI.py": {"executed_lines": [3, 10, 11, 14, 15, 20, 22, 24, 25, 27, 28, 30, 32, 37], "summary": {"covered_lines": 13, "num_statements": 13, "percent_covered": 100.0, "percent_covered_display": "100", "missing_lines": 0, "excluded_lines": 0}, "missing_lines": [], "excluded_lines": []}, "/Library/Python/3.9/site-packages/purpleair_api-1.1.0a1-py3.9.egg/purpleair_api/PurpleAirReadAPI.py": {"executed_lines": [3, 10, 13, 14, 19, 21, 22, 24, 51, 53, 55, 56, 63, 143, 149, 161, 162, 169, 252, 262, 270, 326, 404], "summary": {"covered_lines": 22, "num_statements": 42, "percent_covered": 52.38095238095238, "percent_covered_display": "52", "missing_lines": 20, "excluded_lines": 0}, "missing_lines": [226, 236, 244, 245, 259, 260, 267, 268, 310, 316, 318, 319, 383, 390, 396, 397, 480, 487, 499, 500], "excluded_lines": []}, "/Library/Python/3.9/site-packages/purpleair_api-1.1.0a1-py3.9.egg/purpleair_api/__init__.py": {"executed_lines": [1], "summary": {"covered_lines": 0, "num_statements": 0, "percent_covered": 100.0, "percent_covered_display": "100", "missing_lines": 0, "excluded_lines": 0}, "missing_lines": [], "excluded_lines": []}, "/Library/Python/3.9/site-packages/requests-2.28.2-py3.9.egg/requests/__init__.py": {"executed_lines": [6, 41, 43, 45, 47, 48, 52, 53, 54, 55, 58, 59, 60, 63, 67, 68, 70, 71, 72, 75, 80, 81, 82, 84, 89, 104, 105, 120, 121, 122, 126, 139, 141, 144, 145, 147, 148, 160, 161, 173, 174, 175, 177, 180], "summary": {"covered_lines": 44, "num_statements": 68, "percent_covered": 64.70588235294117, "percent_covered_display": "65", "missing_lines": 24, "excluded_lines": 0}, "missing_lines": [49, 50, 64, 76, 77, 79, 86, 91, 92, 93, 94, 96, 97, 100, 108, 109, 123, 124, 127, 129, 132, 134, 135, 136], "excluded_lines": []}, "/Library/Python/3.9/site-packages/requests-2.28.2-py3.9.egg/requests/__version__.py": {"executed_lines": [5, 6, 7, 8, 9, 10, 11, 12, 13, 14], "summary": {"covered_lines": 10, "num_statements": 10, "percent_covered": 100.0, "percent_covered_display": "100", "missing_lines": 0, "excluded_lines": 0}, "missing_lines": [], "excluded_lines": []}, "/Library/Python/3.9/site-packages/requests-2.28.2-py3.9.egg/requests/_internal_utils.py": {"executed_lines": [1, 8, 10, 12, 13, 14, 15, 17, 23, 28, 29, 33, 36, 43, 44, 45, 46], "summary": {"covered_lines": 16, "num_statements": 19, "percent_covered": 84.21052631578948, "percent_covered_display": "84", "missing_lines": 3, "excluded_lines": 0}, "missing_lines": [31, 47, 48], "excluded_lines": []}, "/Library/Python/3.9/site-packages/requests-2.28.2-py3.9.egg/requests/adapters.py": {"executed_lines": [1, 9, 10, 12, 13, 14, 15, 21, 22, 23, 24, 25, 26, 27, 28, 30, 31, 32, 33, 45, 46, 47, 57, 58, 59, 61, 65, 66, 67, 68, 71, 72, 74, 75, 77, 96, 101, 102, 128, 136, 143, 144, 147, 148, 150, 152, 153, 154, 156, 158, 161, 174, 189, 190, 191, 193, 201, 239, 296, 306, 309, 312, 315, 316, 317, 319, 322, 325, 328, 329, 331, 333, 362, 368, 369, 372, 401, 415, 436], "summary": {"covered_lines": 76, "num_statements": 216, "percent_covered": 35.18518518518518, "percent_covered_display": "35", "missing_lines": 140, "excluded_lines": 0}, "missing_lines": [62, 94, 98, 146, 159, 164, 165, 167, 168, 170, 213, 214, 215, 216, 217, 227, 228, 237, 251, 253, 256, 257, 259, 260, 262, 263, 268, 270, 271, 273, 275, 276, 277, 279, 280, 281, 282, 284, 285, 286, 287, 291, 292, 320, 342, 344, 345, 346, 347, 348, 352, 353, 356, 357, 358, 360, 370, 386, 387, 389, 390, 391, 392, 393, 395, 396, 397, 399, 413, 428, 429, 431, 432, 434, 455, 456, 457, 458, 460, 461, 462, 471, 473, 474, 475, 476, 477, 478, 482, 483, 485, 487, 488, 489, 504, 505, 507, 509, 510, 511, 518, 519, 521, 523, 524, 525, 526, 527, 528, 531, 533, 540, 543, 544, 546, 547, 549, 550, 552, 553, 555, 556, 558, 559, 561, 563, 565, 567, 568, 570, 571, 573, 574, 576, 577, 578, 579, 580, 582, 584], "excluded_lines": []}, "/Library/Python/3.9/site-packages/requests-2.28.2-py3.9.egg/requests/api.py": {"executed_lines": [1, 11, 14, 58, 59, 62, 73, 76, 88, 103, 115, 118, 133, 148, 157], "summary": {"covered_lines": 14, "num_statements": 19, "percent_covered": 73.6842105263158, "percent_covered_display": "74", "missing_lines": 5, "excluded_lines": 0}, "missing_lines": [85, 99, 100, 130, 145], "excluded_lines": []}, "/Library/Python/3.9/site-packages/requests-2.28.2-py3.9.egg/requests/auth.py": {"executed_lines": [1, 8, 9, 10, 11, 12, 13, 14, 16, 17, 18, 19, 21, 22, 25, 69, 70, 72, 76, 77, 79, 83, 91, 94, 99, 100, 102, 107, 108, 110, 116, 126, 236, 241, 286, 306, 314], "summary": {"covered_lines": 32, "num_statements": 173, "percent_covered": 18.497109826589597, "percent_covered_display": "18", "missing_lines": 141, "excluded_lines": 0}, "missing_lines": [35, 36, 43, 45, 46, 53, 56, 57, 59, 60, 62, 66, 73, 80, 81, 84, 92, 95, 96, 103, 104, 111, 112, 114, 118, 119, 120, 121, 122, 123, 124, 131, 132, 133, 134, 135, 136, 138, 139, 141, 143, 145, 146, 147, 148, 150, 151, 153, 154, 155, 156, 158, 159, 161, 162, 163, 164, 166, 167, 169, 170, 171, 172, 174, 176, 178, 179, 182, 183, 185, 186, 187, 189, 190, 192, 193, 195, 196, 198, 199, 200, 201, 202, 203, 205, 206, 207, 209, 210, 211, 212, 213, 216, 218, 221, 225, 226, 227, 228, 229, 230, 231, 232, 234, 238, 239, 250, 251, 252, 254, 257, 258, 260, 262, 263, 264, 268, 269, 270, 271, 272, 274, 277, 278, 279, 281, 283, 284, 288, 290, 291, 292, 293, 294, 299, 300, 301, 302, 304, 307, 315], "excluded_lines": []}, "/Library/Python/3.9/site-packages/requests-2.28.2-py3.9.egg/requests/certs.py": {"executed_lines": [3, 14, 16], "summary": {"covered_lines": 3, "num_statements": 4, "percent_covered": 75.0, "percent_covered_display": "75", "missing_lines": 1, "excluded_lines": 0}, "missing_lines": [17], "excluded_lines": []}, "/Library/Python/3.9/site-packages/requests-2.28.2-py3.9.egg/requests/compat.py": {"executed_lines": [1, 10, 11, 12, 13, 15, 22, 25, 28, 31, 32, 33, 36, 37, 39, 42, 45, 46, 47, 48, 49, 54, 66, 74, 75, 76, 77, 78, 79], "summary": {"covered_lines": 28, "num_statements": 30, "percent_covered": 93.33333333333333, "percent_covered_display": "93", "missing_lines": 2, "excluded_lines": 0}, "missing_lines": [35, 40], "excluded_lines": []}, "/Library/Python/3.9/site-packages/requests-2.28.2-py3.9.egg/requests/cookies.py": {"executed_lines": [1, 10, 11, 12, 14, 15, 17, 18, 23, 24, 35, 36, 37, 38, 40, 43, 46, 49, 69, 72, 75, 78, 84, 87, 88, 90, 91, 94, 95, 98, 99, 103, 104, 110, 115, 117, 118, 120, 124, 131, 132, 140, 146, 147, 148, 151, 170, 171, 176, 177, 194, 206, 225, 234, 242, 251, 259, 268, 277, 285, 293, 306, 321, 327, 336, 343, 349, 358, 360, 361, 366, 386, 415, 422, 428, 435, 440, 455, 492, 521, 530, 531, 533, 534, 535, 539, 542, 549, 552, 554, 555, 556, 561], "summary": {"covered_lines": 88, "num_statements": 239, "percent_covered": 36.82008368200837, "percent_covered_display": "37", "missing_lines": 151, "excluded_lines": 0}, "missing_lines": [19, 20, 41, 44, 47, 52, 53, 55, 56, 58, 70, 73, 76, 80, 85, 92, 96, 100, 121, 134, 136, 137, 156, 157, 158, 159, 160, 161, 162, 163, 164, 166, 167, 201, 202, 203, 204, 212, 213, 216, 218, 219, 221, 222, 223, 231, 232, 240, 248, 249, 257, 265, 266, 275, 279, 280, 281, 282, 283, 287, 288, 289, 290, 291, 299, 300, 301, 302, 303, 304, 313, 314, 315, 318, 319, 322, 323, 324, 325, 334, 341, 347, 350, 355, 356, 362, 364, 378, 379, 380, 381, 382, 384, 398, 399, 400, 401, 402, 403, 405, 409, 411, 412, 413, 417, 419, 420, 424, 425, 426, 430, 431, 432, 433, 437, 441, 442, 444, 446, 448, 449, 450, 451, 452, 461, 477, 478, 479, 483, 484, 485, 486, 487, 489, 495, 496, 497, 498, 499, 500, 501, 502, 503, 504, 536, 537, 550, 553, 557, 558, 559], "excluded_lines": []}, "/Library/Python/3.9/site-packages/requests-2.28.2-py3.9.egg/requests/exceptions.py": {"executed_lines": [1, 7, 9, 12, 13, 17, 27, 28, 31, 32, 34, 45, 46, 49, 50, 53, 54, 57, 58, 61, 62, 70, 71, 77, 78, 81, 82, 85, 86, 89, 90, 93, 94, 97, 98, 101, 102, 105, 106, 109, 110, 113, 114, 117, 118, 121, 122, 125, 126, 132, 133, 136, 137, 140, 141], "summary": {"covered_lines": 29, "num_statements": 37, "percent_covered": 78.37837837837837, "percent_covered_display": "78", "missing_lines": 8, "excluded_lines": 0}, "missing_lines": [19, 20, 21, 22, 23, 24, 41, 42], "excluded_lines": []}, "/Library/Python/3.9/site-packages/requests-2.28.2-py3.9.egg/requests/hooks.py": {"executed_lines": [1, 12, 15, 16, 22, 24, 25, 26, 33], "summary": {"covered_lines": 8, "num_statements": 14, "percent_covered": 57.142857142857146, "percent_covered_display": "57", "missing_lines": 6, "excluded_lines": 0}, "missing_lines": [27, 28, 29, 30, 31, 32], "excluded_lines": []}, "/Library/Python/3.9/site-packages/requests-2.28.2-py3.9.egg/requests/models.py": {"executed_lines": [1, 8, 13, 14, 16, 23, 24, 25, 27, 28, 29, 38, 39, 40, 41, 49, 50, 51, 52, 53, 54, 55, 56, 71, 79, 80, 81, 84, 85, 86, 106, 107, 115, 117, 119, 120, 121, 132, 136, 137, 206, 207, 210, 213, 215, 216, 218, 230, 231, 258, 273, 274, 275, 276, 277, 279, 280, 283, 284, 285, 286, 287, 288, 289, 290, 291, 293, 296, 314, 315, 335, 337, 339, 341, 344, 346, 348, 350, 352, 367, 368, 369, 370, 371, 372, 378, 380, 383, 394, 396, 397, 398, 400, 401, 410, 417, 420, 423, 428, 433, 434, 438, 444, 451, 456, 460, 461, 463, 464, 468, 471, 474, 475, 481, 482, 484, 487, 488, 489, 491, 492, 493, 495, 502, 503, 505, 508, 510, 511, 515, 516, 518, 525, 555, 558, 565, 568, 569, 571, 573, 575, 576, 577, 580, 581, 587, 589, 593, 594, 595, 597, 611, 622, 623, 627, 628, 631, 636, 637, 638, 641, 642, 646, 659, 660, 661, 662, 665, 670, 675, 678, 681, 686, 689, 692, 700, 704, 706, 709, 712, 720, 728, 731, 741, 751, 755, 756, 770, 771, 775, 777, 778, 785, 786, 790, 791, 795, 812, 814, 815, 816, 833, 835, 837, 842, 844, 846, 848, 851, 853, 887, 888, 891, 893, 896, 899, 901, 904, 906, 907, 920, 921, 923, 927, 931, 932, 942, 944, 977, 978, 994, 1023, 1029, 1032, 1033, 1034], "summary": {"covered_lines": 232, "num_statements": 455, "percent_covered": 50.989010989010985, "percent_covered_display": "51", "missing_lines": 223, "excluded_lines": 0}, "missing_lines": [89, 91, 93, 94, 95, 97, 99, 100, 101, 102, 104, 116, 118, 122, 123, 124, 125, 126, 134, 146, 147, 148, 149, 151, 152, 153, 155, 156, 157, 158, 159, 161, 162, 164, 173, 175, 176, 177, 178, 179, 180, 181, 183, 185, 186, 188, 189, 190, 191, 192, 193, 195, 197, 198, 199, 201, 203, 211, 214, 223, 224, 225, 226, 227, 281, 294, 298, 299, 311, 381, 384, 385, 386, 387, 388, 389, 390, 391, 392, 402, 404, 405, 406, 407, 408, 418, 429, 430, 435, 436, 439, 445, 452, 453, 454, 455, 457, 462, 465, 469, 472, 476, 477, 479, 512, 513, 526, 527, 528, 529, 531, 533, 537, 538, 539, 542, 544, 545, 549, 550, 552, 556, 559, 560, 561, 563, 598, 600, 603, 606, 609, 625, 629, 707, 710, 715, 716, 718, 721, 722, 725, 726, 729, 739, 749, 753, 764, 765, 766, 767, 768, 780, 788, 793, 817, 818, 819, 820, 821, 822, 823, 824, 828, 829, 830, 831, 836, 838, 849, 863, 865, 869, 870, 872, 873, 875, 877, 878, 880, 882, 884, 885, 894, 897, 924, 928, 933, 940, 952, 957, 958, 959, 960, 961, 966, 967, 968, 970, 971, 972, 975, 981, 983, 985, 986, 988, 989, 990, 992, 997, 998, 1003, 1004, 1005, 1006, 1008, 1010, 1011, 1015, 1016, 1020, 1021, 1030], "excluded_lines": []}, "/Library/Python/3.9/site-packages/requests-2.28.2-py3.9.egg/requests/packages.py": {"executed_lines": [1, 3, 4, 5, 6, 8, 10, 15, 16, 19, 20, 21, 23, 24, 25, 26, 27], "summary": {"covered_lines": 17, "num_statements": 17, "percent_covered": 100.0, "percent_covered_display": "100", "missing_lines": 0, "excluded_lines": 0}, "missing_lines": [], "excluded_lines": []}, "/Library/Python/3.9/site-packages/requests-2.28.2-py3.9.egg/requests/sessions.py": {"executed_lines": [1, 8, 9, 10, 11, 12, 14, 15, 16, 17, 18, 24, 30, 33, 39, 40, 41, 55, 58, 61, 67, 68, 70, 71, 74, 79, 80, 84, 85, 88, 91, 97, 98, 106, 107, 115, 125, 127, 159, 173, 175, 176, 177, 283, 303, 332, 355, 356, 374, 389, 394, 398, 403, 406, 411, 414, 424, 428, 434, 438, 444, 447, 448, 449, 451, 452, 454, 455, 457, 467, 470, 471, 474, 479, 480, 481, 483, 484, 498, 500, 561, 573, 575, 577, 582, 586, 587, 589, 591, 602, 613, 624, 637, 649, 661, 671, 678, 679, 680, 681, 686, 690, 691, 692, 695, 698, 701, 704, 705, 708, 711, 717, 720, 722, 723, 728, 736, 744, 745, 747, 749, 756, 758, 759, 760, 765, 766, 773, 774, 775, 776, 778, 780, 794, 796, 797, 799, 804, 805, 807, 810, 814, 819], "summary": {"covered_lines": 141, "num_statements": 268, "percent_covered": 52.61194029850746, "percent_covered_display": "53", "missing_lines": 127, "excluded_lines": 0}, "missing_lines": [56, 77, 86, 100, 101, 103, 116, 123, 124, 129, 130, 131, 132, 137, 143, 146, 147, 148, 149, 154, 157, 178, 182, 183, 185, 186, 187, 188, 190, 191, 196, 199, 200, 201, 204, 205, 206, 207, 208, 209, 214, 215, 217, 219, 221, 224, 229, 230, 231, 232, 234, 235, 240, 241, 242, 245, 246, 251, 256, 257, 260, 262, 263, 266, 277, 280, 281, 288, 289, 291, 296, 299, 300, 301, 315, 316, 317, 319, 320, 322, 323, 324, 325, 327, 328, 330, 336, 339, 340, 344, 345, 349, 350, 352, 599, 600, 610, 611, 621, 622, 635, 647, 659, 669, 682, 687, 714, 715, 725, 730, 732, 733, 737, 738, 741, 742, 761, 786, 788, 789, 792, 808, 811, 812, 815, 816, 831], "excluded_lines": []}, "/Library/Python/3.9/site-packages/requests-2.28.2-py3.9.egg/requests/status_codes.py": {"executed_lines": [1, 21, 23, 106, 109, 110, 111, 112, 113, 114, 116, 117, 118, 121, 128], "summary": {"covered_lines": 14, "num_statements": 14, "percent_covered": 100.0, "percent_covered_display": "100", "missing_lines": 0, "excluded_lines": 0}, "missing_lines": [], "excluded_lines": []}, "/Library/Python/3.9/site-packages/requests-2.28.2-py3.9.egg/requests/structures.py": {"executed_lines": [1, 8, 10, 13, 14, 40, 41, 42, 43, 44, 46, 49, 51, 52, 54, 57, 58, 60, 61, 63, 67, 76, 79, 83, 84, 86, 87, 88, 90, 93, 98], "summary": {"covered_lines": 28, "num_statements": 39, "percent_covered": 71.7948717948718, "percent_covered_display": "72", "missing_lines": 11, "excluded_lines": 0}, "missing_lines": [55, 65, 68, 69, 71, 73, 77, 80, 91, 96, 99], "excluded_lines": []}, "/Library/Python/3.9/site-packages/requests-2.28.2-py3.9.egg/requests/utils.py": {"executed_lines": [1, 9, 10, 11, 12, 13, 14, 15, 16, 17, 18, 19, 20, 22, 24, 25, 28, 29, 37, 38, 47, 48, 54, 56, 58, 60, 63, 68, 119, 128, 129, 130, 132, 133, 164, 188, 191, 194, 197, 198, 201, 203, 204, 206, 208, 209, 210, 217, 222, 223, 251, 258, 295, 296, 308, 335, 352, 355, 358, 359, 361, 365, 397, 432, 457, 472, 483, 508, 533, 540, 542, 543, 558, 575, 585, 625, 630, 636, 637, 651, 654, 662, 663, 664, 668, 676, 691, 702, 713, 737, 738, 745, 746, 749, 750, 752, 759, 767, 768, 772, 773, 774, 775, 777, 781, 806, 808, 809, 813, 816, 819, 825, 828, 831, 857, 884, 890, 893, 897, 907, 945, 946, 947, 950, 982, 1011, 1017, 1019, 1020, 1021, 1022, 1024, 1027, 1033, 1035, 1036, 1042, 1043, 1046, 1047, 1054, 1071], "summary": {"covered_lines": 141, "num_statements": 482, "percent_covered": 29.25311203319502, "percent_covered_display": "29", "missing_lines": 341, "excluded_lines": 0}, "missing_lines": [71, 72, 73, 74, 75, 77, 78, 83, 85, 86, 87, 88, 89, 94, 96, 97, 98, 99, 100, 101, 102, 103, 104, 105, 107, 113, 114, 116, 122, 123, 125, 135, 136, 138, 139, 140, 141, 145, 147, 151, 152, 165, 166, 167, 172, 173, 175, 177, 179, 180, 184, 185, 186, 189, 199, 211, 215, 218, 219, 225, 229, 230, 231, 232, 234, 235, 236, 238, 239, 240, 243, 244, 247, 248, 253, 254, 255, 263, 265, 269, 270, 271, 272, 275, 276, 278, 279, 281, 282, 283, 286, 287, 288, 290, 291, 292, 298, 299, 300, 301, 302, 303, 304, 305, 326, 327, 329, 330, 332, 353, 356, 388, 389, 390, 391, 392, 393, 419, 420, 421, 422, 423, 424, 425, 426, 427, 428, 440, 445, 452, 453, 454, 464, 466, 467, 469, 480, 488, 497, 498, 499, 501, 516, 517, 518, 519, 521, 522, 523, 524, 525, 526, 527, 528, 529, 530, 545, 547, 548, 550, 551, 553, 555, 561, 562, 563, 565, 566, 567, 568, 569, 570, 571, 572, 577, 578, 579, 580, 581, 582, 597, 606, 609, 611, 612, 613, 614, 615, 618, 619, 620, 621, 638, 639, 640, 641, 642, 643, 645, 646, 648, 650, 669, 673, 684, 685, 686, 687, 688, 698, 699, 706, 707, 708, 709, 710, 719, 720, 721, 722, 723, 725, 726, 728, 729, 730, 731, 733, 734, 747, 748, 753, 754, 756, 779, 784, 786, 787, 788, 789, 790, 791, 794, 796, 797, 798, 800, 801, 804, 810, 811, 814, 826, 837, 838, 839, 840, 842, 848, 849, 850, 851, 852, 854, 868, 869, 870, 871, 872, 874, 875, 877, 879, 880, 881, 915, 917, 919, 920, 921, 923, 924, 925, 926, 927, 929, 931, 932, 933, 934, 935, 937, 939, 941, 957, 958, 959, 960, 961, 962, 963, 964, 965, 966, 967, 968, 969, 970, 971, 973, 974, 975, 976, 977, 979, 988, 989, 995, 996, 997, 999, 1002, 1003, 1004, 1005, 1006, 1008, 1037, 1048, 1060, 1063, 1064, 1066, 1068, 1075, 1076, 1079, 1080, 1081, 1082, 1086], "excluded_lines": []}, "/Library/Python/3.9/site-packages/urllib3-1.26.14-py3.9.egg/urllib3/__init__.py": {"executed_lines": [1, 4, 7, 8, 9, 11, 12, 13, 14, 15, 16, 17, 18, 19, 20, 26, 27, 28, 29, 39, 40, 41, 43, 60, 63, 82, 89, 91, 93, 95, 98], "summary": {"covered_lines": 30, "num_statements": 39, "percent_covered": 76.92307692307692, "percent_covered_display": "77", "missing_lines": 9, "excluded_lines": 0}, "missing_lines": [31, 72, 73, 74, 75, 76, 77, 78, 102], "excluded_lines": []}, "/Library/Python/3.9/site-packages/urllib3-1.26.14-py3.9.egg/urllib3/_collections.py": {"executed_lines": [1, 3, 4, 7, 8, 19, 21, 22, 23, 25, 28, 31, 32, 45, 47, 48, 49, 51, 52, 54, 61, 76, 83, 87, 92, 93, 95, 96, 98, 99, 102, 107, 108, 141, 142, 143, 144, 145, 148, 149, 152, 156, 157, 158, 160, 163, 166, 175, 178, 182, 184, 187, 189, 190, 192, 209, 215, 224, 225, 227, 228, 231, 236, 241, 243, 246, 247, 248, 256, 259, 272, 273, 274, 277, 279, 282, 290, 295, 302, 308, 311, 312], "summary": {"covered_lines": 80, "num_statements": 183, "percent_covered": 43.71584699453552, "percent_covered_display": "44", "missing_lines": 103, "excluded_lines": 0}, "missing_lines": [5, 6, 9, 11, 12, 13, 15, 16, 56, 57, 58, 59, 62, 63, 65, 66, 70, 71, 73, 74, 77, 78, 80, 81, 84, 85, 88, 100, 103, 104, 146, 150, 153, 154, 161, 164, 167, 168, 169, 170, 171, 176, 179, 180, 185, 199, 200, 201, 202, 203, 204, 206, 207, 210, 211, 212, 213, 229, 237, 244, 245, 249, 250, 251, 253, 254, 257, 262, 263, 264, 265, 266, 267, 269, 280, 283, 284, 285, 287, 288, 291, 292, 293, 297, 298, 299, 300, 304, 305, 306, 309, 317, 318, 320, 321, 322, 326, 330, 331, 332, 334, 335, 337], "excluded_lines": []}, "/Library/Python/3.9/site-packages/urllib3-1.26.14-py3.9.egg/urllib3/_version.py": {"executed_lines": [2], "summary": {"covered_lines": 1, "num_statements": 1, "percent_covered": 100.0, "percent_covered_display": "100", "missing_lines": 0, "excluded_lines": 0}, "missing_lines": [], "excluded_lines": []}, "/Library/Python/3.9/site-packages/urllib3-1.26.14-py3.9.egg/urllib3/connection.py": {"executed_lines": [1, 3, 4, 5, 6, 7, 8, 9, 10, 12, 13, 14, 15, 17, 18, 20, 28, 30, 37, 39, 46, 47, 48, 54, 55, 63, 65, 67, 71, 73, 76, 77, 102, 106, 109, 113, 115, 132, 133, 151, 152, 161, 192, 196, 204, 208, 221, 231, 241, 281, 282, 287, 289, 290, 291, 292, 293, 294, 295, 297, 323, 356, 474, 531, 553, 557, 558, 560, 563, 567], "summary": {"covered_lines": 67, "num_statements": 226, "percent_covered": 29.646017699115045, "percent_covered_display": "30", "missing_lines": 159, "excluded_lines": 0}, "missing_lines": [21, 22, 24, 25, 31, 33, 34, 40, 42, 43, 116, 117, 120, 124, 127, 128, 130, 149, 159, 166, 167, 168, 170, 171, 173, 174, 178, 179, 185, 186, 190, 194, 197, 198, 200, 202, 205, 206, 212, 213, 214, 219, 223, 224, 225, 226, 232, 233, 236, 237, 238, 239, 246, 247, 248, 249, 250, 253, 254, 255, 256, 257, 258, 259, 261, 262, 263, 264, 265, 266, 267, 268, 269, 270, 271, 272, 273, 274, 275, 278, 311, 313, 314, 315, 316, 317, 321, 340, 341, 342, 344, 346, 347, 348, 349, 350, 351, 352, 353, 354, 358, 359, 360, 362, 363, 364, 365, 369, 371, 374, 376, 377, 378, 380, 381, 382, 392, 393, 394, 395, 400, 401, 405, 412, 414, 430, 436, 444, 445, 448, 456, 457, 458, 467, 469, 478, 479, 480, 483, 489, 499, 508, 514, 515, 516, 525, 527, 528, 535, 536, 537, 539, 540, 541, 542, 549, 550, 554, 564], "excluded_lines": []}, "/Library/Python/3.9/site-packages/urllib3-1.26.14-py3.9.egg/urllib3/connectionpool.py": {"executed_lines": [1, 3, 4, 5, 6, 7, 8, 9, 10, 12, 22, 37, 38, 39, 40, 41, 42, 43, 44, 45, 46, 47, 48, 49, 50, 51, 53, 55, 57, 61, 62, 72, 73, 75, 83, 86, 89, 94, 102, 105, 106, 165, 166, 167, 169, 223, 244, 283, 314, 320, 324, 336, 361, 480, 483, 501, 522, 897, 898, 911, 912, 914, 963, 983, 998, 1034, 1067, 1095], "summary": {"covered_lines": 65, "num_statements": 338, "percent_covered": 19.23076923076923, "percent_covered_display": "19", "missing_lines": 273, "excluded_lines": 0}, "missing_lines": [76, 77, 79, 80, 81, 84, 87, 90, 92, 98, 184, 185, 187, 189, 190, 192, 193, 195, 196, 198, 199, 201, 202, 203, 206, 207, 210, 211, 212, 214, 218, 220, 221, 227, 228, 235, 242, 256, 257, 258, 260, 261, 263, 264, 265, 269, 272, 273, 274, 275, 279, 281, 297, 298, 299, 300, 302, 303, 305, 311, 312, 318, 322, 326, 327, 329, 330, 334, 339, 340, 346, 347, 354, 357, 378, 380, 381, 382, 385, 386, 387, 389, 390, 394, 395, 396, 398, 403, 405, 406, 410, 415, 418, 421, 427, 428, 431, 432, 434, 437, 438, 440, 441, 443, 444, 445, 449, 450, 451, 452, 455, 456, 468, 469, 470, 471, 478, 481, 487, 488, 490, 492, 494, 495, 496, 498, 499, 506, 507, 510, 511, 512, 515, 516, 517, 518, 520, 631, 632, 634, 635, 637, 638, 640, 641, 644, 645, 648, 649, 651, 653, 664, 666, 673, 674, 675, 679, 683, 687, 689, 691, 692, 694, 696, 699, 700, 703, 717, 720, 723, 732, 734, 736, 737, 738, 740, 751, 753, 757, 758, 766, 773, 780, 781, 782, 783, 784, 785, 787, 790, 793, 796, 801, 802, 804, 808, 810, 812, 815, 832, 833, 834, 835, 837, 838, 839, 840, 841, 842, 843, 845, 846, 847, 848, 865, 866, 867, 868, 869, 870, 871, 872, 873, 875, 876, 877, 878, 894, 938, 953, 954, 955, 956, 957, 958, 959, 960, 961, 969, 970, 980, 981, 991, 993, 994, 996, 1002, 1003, 1010, 1011, 1015, 1016, 1017, 1018, 1019, 1021, 1032, 1038, 1041, 1042, 1044, 1045, 1055, 1056, 1087, 1088, 1089, 1090, 1092, 1100, 1108, 1109, 1110], "excluded_lines": []}, "/Library/Python/3.9/site-packages/urllib3-1.26.14-py3.9.egg/urllib3/contrib/__init__.py": {"executed_lines": [1], "summary": {"covered_lines": 0, "num_statements": 0, "percent_covered": 100.0, "percent_covered_display": "100", "missing_lines": 0, "excluded_lines": 0}, "missing_lines": [], "excluded_lines": []}, "/Library/Python/3.9/site-packages/urllib3-1.26.14-py3.9.egg/urllib3/contrib/_appengine_environ.py": {"executed_lines": [1, 5, 8, 9, 12, 19, 22, 23, 28, 29, 34], "summary": {"covered_lines": 10, "num_statements": 11, "percent_covered": 90.9090909090909, "percent_covered_display": "91", "missing_lines": 1, "excluded_lines": 0}, "missing_lines": [36], "excluded_lines": []}, "/Library/Python/3.9/site-packages/urllib3-1.26.14-py3.9.egg/urllib3/contrib/socks.py": {"executed_lines": [2, 41, 43, 44, 45, 46, 48, 50, 58], "summary": {"covered_lines": 9, "num_statements": 76, "percent_covered": 11.842105263157896, "percent_covered_display": "12", "missing_lines": 67, "excluded_lines": 0}, "missing_lines": [60, 61, 63, 64, 65, 66, 67, 69, 70, 71, 72, 75, 80, 81, 82, 84, 88, 89, 90, 92, 93, 95, 96, 108, 109, 115, 118, 119, 120, 121, 127, 131, 135, 136, 140, 147, 148, 151, 152, 155, 156, 159, 165, 170, 179, 181, 182, 183, 184, 185, 186, 187, 188, 189, 190, 191, 192, 193, 194, 195, 196, 198, 200, 202, 210, 212, 216], "excluded_lines": []}, "/Library/Python/3.9/site-packages/urllib3-1.26.14-py3.9.egg/urllib3/exceptions.py": {"executed_lines": [1, 3, 8, 9, 11, 14, 15, 17, 20, 21, 23, 27, 32, 33, 35, 39, 44, 45, 47, 50, 51, 53, 58, 59, 61, 64, 65, 67, 71, 77, 78, 87, 95, 96, 98, 104, 105, 107, 110, 111, 117, 120, 121, 123, 128, 129, 131, 134, 135, 137, 140, 141, 143, 146, 147, 149, 152, 153, 155, 158, 159, 161, 168, 169, 171, 178, 179, 181, 182, 185, 186, 188, 191, 192, 194, 197, 198, 200, 203, 204, 206, 209, 210, 212, 215, 216, 218, 221, 222, 227, 230, 231, 233, 236, 237, 242, 245, 246, 253, 256, 263, 264, 266, 273, 280, 281, 283, 286, 287, 291, 306, 307, 309, 312, 313, 315, 320, 321, 323], "summary": {"covered_lines": 82, "num_statements": 116, "percent_covered": 70.6896551724138, "percent_covered_display": "71", "missing_lines": 34, "excluded_lines": 0}, "missing_lines": [24, 25, 29, 36, 37, 41, 54, 55, 88, 90, 92, 99, 100, 101, 162, 163, 165, 172, 173, 175, 254, 257, 267, 270, 271, 274, 294, 295, 296, 297, 299, 303, 316, 317], "excluded_lines": []}, "/Library/Python/3.9/site-packages/urllib3-1.26.14-py3.9.egg/urllib3/fields.py": {"executed_lines": [1, 3, 4, 5, 7, 10, 24, 66, 73, 82, 95, 123, 126, 127, 143, 159, 160, 195, 208, 230, 249], "summary": {"covered_lines": 20, "num_statements": 90, "percent_covered": 22.22222222222222, "percent_covered_display": "22", "missing_lines": 70, "excluded_lines": 0}, "missing_lines": [19, 20, 21, 40, 41, 43, 44, 45, 46, 47, 48, 50, 52, 53, 57, 58, 60, 61, 63, 83, 84, 86, 90, 92, 114, 115, 117, 119, 151, 152, 153, 154, 155, 156, 157, 177, 178, 179, 181, 182, 184, 185, 186, 188, 191, 193, 206, 219, 220, 221, 222, 224, 225, 226, 228, 234, 236, 237, 238, 239, 241, 242, 243, 244, 246, 247, 264, 265, 273, 274], "excluded_lines": []}, "/Library/Python/3.9/site-packages/urllib3-1.26.14-py3.9.egg/urllib3/filepost.py": {"executed_lines": [1, 3, 4, 5, 6, 8, 9, 10, 12, 15, 25, 45, 63], "summary": {"covered_lines": 13, "num_statements": 43, "percent_covered": 30.232558139534884, "percent_covered_display": "30", "missing_lines": 30, "excluded_lines": 0}, "missing_lines": [19, 20, 21, 22, 33, 34, 36, 38, 39, 40, 42, 57, 58, 60, 74, 75, 76, 78, 79, 81, 82, 84, 85, 87, 88, 90, 92, 94, 96, 98], "excluded_lines": []}, "/Library/Python/3.9/site-packages/urllib3-1.26.14-py3.9.egg/urllib3/packages/__init__.py": {"executed_lines": [1], "summary": {"covered_lines": 0, "num_statements": 0, "percent_covered": 100.0, "percent_covered_display": "100", "missing_lines": 0, "excluded_lines": 0}, "missing_lines": [], "excluded_lines": []}, "/Library/Python/3.9/site-packages/urllib3-1.26.14-py3.9.egg/urllib3/packages/six.py": {"executed_lines": [21, 23, 25, 26, 27, 28, 29, 31, 32, 36, 37, 38, 40, 41, 42, 43, 44, 45, 47, 74, 75, 80, 82, 85, 87, 88, 91, 92, 93, 95, 96, 97, 98, 101, 104, 107, 108, 109, 110, 111, 112, 113, 117, 118, 120, 121, 122, 127, 128, 129, 130, 132, 138, 141, 142, 143, 144, 145, 147, 148, 149, 150, 152, 153, 160, 161, 162, 165, 167, 174, 175, 176, 178, 179, 180, 182, 183, 185, 190, 191, 192, 193, 195, 196, 197, 201, 202, 204, 205, 206, 207, 208, 209, 211, 212, 213, 215, 222, 224, 231, 233, 234, 236, 237, 240, 243, 245, 247, 250, 335, 340, 341, 342, 343, 344, 346, 348, 349, 352, 354, 357, 386, 387, 388, 390, 392, 399, 401, 404, 409, 410, 411, 413, 415, 422, 424, 427, 464, 465, 466, 468, 470, 477, 479, 482, 488, 489, 490, 492, 494, 501, 503, 506, 509, 510, 511, 513, 517, 524, 526, 528, 529, 530, 531, 532, 533, 535, 539, 544, 549, 560, 561, 562, 564, 565, 566, 567, 578, 579, 586, 589, 590, 597, 599, 602, 604, 607, 624, 629, 630, 631, 632, 633, 634, 637, 639, 642, 643, 645, 648, 651, 653, 655, 676, 677, 678, 679, 684, 686, 689, 692, 693, 695, 696, 697, 698, 699, 700, 702, 703, 704, 705, 706, 711, 712, 713, 741, 742, 745, 749, 753, 757, 761, 762, 764, 799, 800, 814, 815, 875, 886, 888, 926, 929, 953, 956, 957, 958, 959, 964, 965, 966, 967, 968, 970, 973, 991, 1003, 1005, 1007, 1008, 1014, 1025, 1027, 1028, 1033, 1055, 1056, 1057, 1058, 1062, 1063, 1068, 1074, 1076], "summary": {"covered_lines": 267, "num_statements": 504, "percent_covered": 52.976190476190474, "percent_covered_display": "53", "missing_lines": 237, "excluded_lines": 0}, "missing_lines": [49, 50, 51, 52, 53, 55, 57, 60, 61, 62, 64, 65, 66, 68, 71, 72, 77, 102, 103, 115, 123, 124, 133, 134, 135, 146, 155, 156, 157, 158, 186, 187, 188, 198, 199, 228, 229, 336, 536, 546, 551, 552, 553, 554, 555, 556, 557, 569, 570, 572, 573, 574, 575, 580, 582, 583, 591, 593, 594, 600, 605, 610, 611, 613, 614, 616, 617, 619, 620, 621, 623, 640, 646, 649, 658, 659, 661, 662, 664, 665, 667, 668, 670, 672, 674, 687, 690, 707, 708, 709, 716, 717, 721, 722, 724, 725, 727, 728, 730, 731, 733, 734, 736, 737, 738, 739, 740, 746, 750, 754, 758, 765, 766, 767, 768, 769, 770, 772, 773, 777, 779, 780, 781, 782, 783, 784, 785, 786, 787, 789, 810, 811, 817, 819, 820, 821, 823, 824, 825, 827, 832, 833, 834, 835, 836, 838, 839, 840, 841, 842, 843, 844, 845, 846, 847, 848, 849, 850, 851, 852, 853, 854, 855, 856, 857, 858, 859, 860, 862, 863, 864, 865, 866, 867, 868, 869, 870, 871, 872, 876, 878, 879, 880, 881, 882, 883, 894, 900, 901, 902, 903, 904, 906, 907, 908, 909, 910, 912, 914, 919, 923, 934, 935, 936, 939, 940, 941, 943, 944, 946, 947, 948, 950, 960, 961, 962, 963, 984, 985, 986, 987, 988, 1004, 1006, 1009, 1010, 1011, 1026, 1030, 1041, 1042, 1043, 1047, 1048, 1049, 1072, 1073], "excluded_lines": []}, "/Library/Python/3.9/site-packages/urllib3-1.26.14-py3.9.egg/urllib3/poolmanager.py": {"executed_lines": [1, 3, 4, 5, 7, 8, 9, 16, 17, 18, 19, 20, 21, 23, 26, 28, 42, 73, 75, 76, 79, 132, 137, 140, 141, 168, 169, 171, 172, 173, 174, 178, 179, 181, 184, 189, 216, 223, 225, 248, 263, 287, 303, 323, 336, 353, 421, 422, 461, 498, 508, 523, 536], "summary": {"covered_lines": 51, "num_statements": 192, "percent_covered": 26.5625, "percent_covered_display": "27", "missing_lines": 141, "excluded_lines": 0}, "missing_lines": [100, 101, 102, 105, 106, 107, 111, 112, 113, 117, 118, 121, 122, 123, 125, 182, 185, 187, 199, 200, 201, 207, 208, 210, 211, 212, 214, 236, 237, 239, 240, 241, 242, 243, 244, 246, 255, 256, 257, 258, 259, 261, 271, 274, 275, 276, 279, 280, 281, 282, 283, 285, 298, 299, 311, 312, 313, 314, 315, 316, 317, 318, 320, 321, 329, 330, 332, 341, 342, 344, 345, 347, 348, 362, 363, 365, 367, 368, 370, 371, 373, 374, 376, 378, 379, 380, 383, 386, 387, 389, 390, 391, 396, 399, 400, 401, 402, 404, 405, 406, 407, 408, 409, 410, 412, 413, 415, 417, 418, 472, 473, 478, 480, 481, 483, 484, 485, 487, 488, 489, 490, 492, 493, 494, 496, 499, 500, 504, 513, 515, 516, 517, 519, 520, 521, 525, 526, 530, 531, 533, 537], "excluded_lines": []}, "/Library/Python/3.9/site-packages/urllib3-1.26.14-py3.9.egg/urllib3/request.py": {"executed_lines": [1, 3, 4, 6, 9, 10, 38, 40, 41, 43, 58, 82, 98], "summary": {"covered_lines": 12, "num_statements": 39, "percent_covered": 30.76923076923077, "percent_covered_display": "31", "missing_lines": 27, "excluded_lines": 0}, "missing_lines": [53, 69, 71, 73, 74, 78, 87, 88, 90, 91, 93, 94, 96, 143, 144, 146, 148, 149, 150, 154, 155, 159, 164, 165, 167, 168, 170], "excluded_lines": []}, "/Library/Python/3.9/site-packages/urllib3-1.26.14-py3.9.egg/urllib3/response.py": {"executed_lines": [1, 3, 4, 5, 6, 7, 8, 9, 10, 12, 13, 14, 15, 16, 17, 18, 20, 21, 22, 23, 35, 36, 38, 41, 42, 47, 50, 73, 75, 76, 77, 80, 81, 85, 88, 110, 129, 130, 138, 141, 144, 150, 163, 164, 196, 197, 199, 201, 222, 225, 226, 227, 228, 229, 230, 231, 232, 233, 235, 236, 237, 238, 239, 240, 241, 243, 246, 247, 249, 250, 253, 254, 255, 257, 258, 262, 265, 268, 281, 282, 283, 288, 299, 300, 308, 309, 312, 315, 323, 327, 329, 364, 365, 370, 373, 375, 381, 382, 383, 385, 394, 395, 398, 402, 405, 406, 415, 418, 420, 431, 432, 440, 442, 443, 444, 465, 469, 484, 487, 501, 502, 503, 533, 535, 556, 557, 560, 563, 564, 566, 567, 568, 571, 572, 582, 583, 584, 595, 596, 597, 600, 602, 605, 607, 623, 627, 628, 630, 631, 633, 634, 666, 675, 685, 689, 699, 700, 701, 703, 705, 707, 708, 712, 723, 731, 735, 744, 753, 767, 789, 859, 870], "summary": {"covered_lines": 170, "num_statements": 427, "percent_covered": 39.81264637002342, "percent_covered_display": "40", "missing_lines": 257, "excluded_lines": 0}, "missing_lines": [43, 44, 45, 48, 51, 52, 54, 55, 57, 58, 59, 60, 61, 62, 63, 64, 65, 66, 67, 68, 70, 82, 83, 86, 89, 90, 91, 93, 94, 95, 96, 98, 99, 101, 102, 103, 104, 105, 106, 107, 112, 116, 117, 118, 119, 121, 123, 124, 125, 126, 139, 142, 145, 146, 147, 151, 152, 154, 155, 157, 158, 160, 198, 223, 244, 259, 266, 276, 277, 279, 285, 286, 294, 295, 296, 297, 302, 303, 305, 306, 310, 313, 321, 330, 334, 341, 343, 349, 350, 351, 355, 356, 357, 359, 360, 366, 367, 371, 384, 386, 391, 392, 396, 403, 407, 408, 409, 410, 416, 425, 426, 427, 429, 446, 449, 451, 453, 455, 457, 459, 461, 473, 474, 479, 480, 485, 511, 518, 519, 520, 521, 522, 524, 525, 526, 527, 528, 529, 530, 558, 561, 569, 593, 598, 603, 624, 625, 642, 644, 645, 647, 649, 652, 653, 663, 667, 673, 676, 682, 686, 690, 691, 693, 694, 696, 697, 702, 704, 706, 710, 713, 714, 715, 716, 718, 724, 729, 733, 737, 738, 739, 741, 742, 751, 756, 757, 758, 759, 760, 761, 762, 764, 765, 768, 769, 770, 771, 772, 773, 774, 775, 776, 777, 778, 779, 780, 781, 782, 784, 785, 786, 787, 803, 805, 806, 810, 811, 816, 818, 819, 820, 824, 825, 828, 829, 830, 831, 832, 835, 836, 838, 842, 843, 844, 848, 849, 851, 852, 853, 856, 857, 865, 866, 868, 871, 872, 873, 874, 875, 876, 877, 878, 879, 881, 883, 884, 885], "excluded_lines": []}, "/Library/Python/3.9/site-packages/urllib3-1.26.14-py3.9.egg/urllib3/util/__init__.py": {"executed_lines": [1, 4, 5, 6, 7, 8, 20, 21, 22, 24], "summary": {"covered_lines": 10, "num_statements": 10, "percent_covered": 100.0, "percent_covered_display": "100", "missing_lines": 0, "excluded_lines": 0}, "missing_lines": [], "excluded_lines": []}, "/Library/Python/3.9/site-packages/urllib3-1.26.14-py3.9.egg/urllib3/util/connection.py": {"executed_lines": [1, 3, 5, 6, 7, 8, 11, 37, 100, 108, 119, 121, 122, 128, 131, 137, 138, 139, 140, 144, 145, 146, 149], "summary": {"covered_lines": 23, "num_statements": 72, "percent_covered": 31.944444444444443, "percent_covered_display": "32", "missing_lines": 49, "excluded_lines": 0}, "missing_lines": [21, 22, 23, 24, 25, 26, 28, 29, 30, 55, 56, 57, 58, 63, 65, 66, 67, 68, 72, 73, 74, 75, 76, 79, 81, 82, 83, 84, 85, 86, 88, 89, 90, 91, 92, 94, 95, 97, 101, 102, 104, 105, 113, 114, 115, 116, 129, 141, 142], "excluded_lines": []}, "/Library/Python/3.9/site-packages/urllib3-1.26.14-py3.9.egg/urllib3/util/proxy.py": {"executed_lines": [1, 4, 37], "summary": {"covered_lines": 3, "num_statements": 14, "percent_covered": 21.428571428571427, "percent_covered_display": "21", "missing_lines": 11, "excluded_lines": 0}, "missing_lines": [18, 19, 22, 23, 26, 31, 34, 44, 49, 55, 57], "excluded_lines": []}, "/Library/Python/3.9/site-packages/urllib3-1.26.14-py3.9.egg/urllib3/util/queue.py": {"executed_lines": [1, 3, 4, 6, 11, 12, 15, 18, 21], "summary": {"covered_lines": 9, "num_statements": 14, "percent_covered": 64.28571428571429, "percent_covered_display": "64", "missing_lines": 5, "excluded_lines": 0}, "missing_lines": [8, 13, 16, 19, 22], "excluded_lines": []}, "/Library/Python/3.9/site-packages/urllib3-1.26.14-py3.9.egg/urllib3/util/request.py": {"executed_lines": [1, 3, 5, 6, 12, 13, 15, 16, 17, 18, 19, 20, 21, 22, 26, 29, 71, 72, 73, 75, 78, 79, 81, 84, 87, 90, 95, 98, 101, 119], "summary": {"covered_lines": 30, "num_statements": 55, "percent_covered": 54.54545454545455, "percent_covered_display": "55", "missing_lines": 25, "excluded_lines": 0}, "missing_lines": [24, 74, 76, 82, 85, 88, 91, 96, 106, 107, 108, 109, 110, 111, 114, 116, 130, 131, 132, 133, 134, 135, 138, 139, 144], "excluded_lines": []}, "/Library/Python/3.9/site-packages/urllib3-1.26.14-py3.9.egg/urllib3/util/response.py": {"executed_lines": [1, 3, 5, 6, 9, 17, 20, 21, 22, 24, 26, 40, 94], "summary": {"covered_lines": 13, "num_statements": 38, "percent_covered": 34.21052631578947, "percent_covered_display": "34", "missing_lines": 25, "excluded_lines": 0}, "missing_lines": [27, 28, 30, 33, 34, 35, 37, 55, 56, 58, 59, 61, 62, 65, 66, 68, 69, 70, 82, 90, 91, 104, 105, 106, 107], "excluded_lines": []}, "/Library/Python/3.9/site-packages/urllib3-1.26.14-py3.9.egg/urllib3/util/retry.py": {"executed_lines": [1, 3, 4, 5, 6, 7, 8, 9, 11, 20, 22, 26, 32, 35, 36, 37, 45, 46, 54, 55, 63, 64, 72, 73, 81, 82, 91, 92, 93, 230, 235, 238, 241, 243, 263, 277, 278, 279, 280, 282, 283, 284, 285, 286, 288, 292, 293, 294, 295, 296, 297, 298, 299, 300, 304, 340, 341, 354, 371, 394, 404, 412, 418, 434, 442, 448, 468, 488, 504, 598, 604, 620], "summary": {"covered_lines": 71, "num_statements": 213, "percent_covered": 33.333333333333336, "percent_covered_display": "33", "missing_lines": 142, "excluded_lines": 0}, "missing_lines": [38, 43, 47, 52, 56, 61, 65, 70, 74, 79, 83, 88, 264, 265, 270, 276, 289, 290, 305, 326, 327, 328, 333, 335, 337, 338, 343, 344, 346, 347, 349, 350, 351, 352, 360, 365, 366, 368, 369, 373, 374, 376, 377, 378, 379, 384, 386, 387, 389, 390, 392, 397, 399, 400, 402, 405, 406, 407, 408, 410, 413, 414, 415, 416, 427, 428, 429, 430, 432, 438, 439, 440, 446, 454, 455, 460, 462, 464, 465, 466, 475, 476, 478, 479, 481, 490, 498, 499, 500, 502, 523, 525, 527, 528, 529, 531, 532, 533, 534, 535, 536, 537, 538, 540, 542, 543, 544, 545, 547, 549, 550, 551, 552, 554, 556, 557, 559, 561, 562, 563, 564, 565, 570, 571, 572, 573, 574, 575, 577, 581, 591, 592, 594, 596, 599, 605, 607, 612, 613, 614, 615, 616], "excluded_lines": []}, "/Library/Python/3.9/site-packages/urllib3-1.26.14-py3.9.egg/urllib3/util/ssl_.py": {"executed_lines": [1, 3, 4, 5, 6, 7, 8, 10, 16, 17, 19, 20, 21, 22, 23, 24, 27, 30, 43, 45, 46, 47, 51, 52, 56, 57, 62, 63, 65, 74, 75, 80, 81, 87, 88, 110, 129, 130, 182, 211, 234, 250, 355, 457, 470, 481], "summary": {"covered_lines": 46, "num_statements": 192, "percent_covered": 23.958333333333332, "percent_covered_display": "24", "missing_lines": 146, "excluded_lines": 0}, "missing_lines": [37, 38, 39, 40, 48, 49, 53, 54, 58, 59, 66, 67, 68, 70, 71, 72, 76, 77, 82, 83, 84, 89, 90, 131, 133, 134, 135, 137, 138, 139, 140, 141, 142, 143, 145, 146, 147, 149, 150, 152, 153, 155, 156, 158, 159, 161, 162, 171, 179, 192, 193, 194, 195, 196, 199, 201, 203, 204, 222, 223, 225, 226, 227, 228, 229, 231, 238, 239, 241, 242, 243, 244, 245, 247, 287, 288, 290, 292, 295, 297, 298, 300, 302, 305, 310, 312, 320, 323, 325, 326, 331, 338, 339, 340, 342, 343, 347, 348, 349, 350, 352, 393, 394, 398, 400, 401, 402, 403, 404, 406, 408, 413, 414, 416, 417, 418, 420, 422, 423, 424, 425, 426, 430, 432, 436, 437, 448, 449, 453, 454, 464, 466, 467, 472, 473, 475, 476, 478, 482, 483, 485, 489, 490, 492, 493, 495], "excluded_lines": []}, "/Library/Python/3.9/site-packages/urllib3-1.26.14-py3.9.egg/urllib3/util/ssl_match_hostname.py": {"executed_lines": [1, 6, 7, 13, 14, 18, 21, 22, 25, 79, 86, 98], "summary": {"covered_lines": 11, "num_statements": 71, "percent_covered": 15.492957746478874, "percent_covered_display": "15", "missing_lines": 60, "excluded_lines": 0}, "missing_lines": [15, 16, 30, 31, 32, 36, 37, 38, 40, 41, 46, 51, 52, 57, 60, 61, 66, 69, 72, 73, 75, 76, 80, 82, 83, 94, 95, 106, 107, 112, 114, 115, 120, 121, 123, 124, 126, 127, 128, 129, 130, 131, 132, 133, 134, 135, 136, 137, 138, 141, 142, 145, 146, 147, 148, 149, 150, 154, 155, 157], "excluded_lines": []}, "/Library/Python/3.9/site-packages/urllib3-1.26.14-py3.9.egg/urllib3/util/ssltransport.py": {"executed_lines": [1, 2, 3, 5, 6, 8, 11, 12, 22, 23, 44, 63, 66, 69, 72, 75, 80, 89, 99, 105, 150, 153, 156, 159, 162, 165, 168, 171, 174, 177, 180, 183, 186, 195], "summary": {"covered_lines": 33, "num_statements": 139, "percent_covered": 23.741007194244606, "percent_covered_display": "24", "missing_lines": 106, "excluded_lines": 0}, "missing_lines": [32, 33, 34, 39, 50, 51, 53, 54, 56, 61, 64, 67, 70, 73, 76, 77, 78, 81, 82, 83, 84, 85, 86, 87, 90, 91, 92, 93, 94, 95, 96, 97, 100, 101, 102, 103, 115, 116, 118, 119, 120, 121, 122, 123, 124, 125, 126, 127, 128, 129, 130, 131, 132, 133, 134, 135, 136, 137, 138, 139, 140, 142, 143, 144, 145, 146, 147, 148, 151, 154, 157, 160, 163, 166, 169, 172, 175, 178, 181, 184, 187, 188, 189, 190, 191, 193, 197, 198, 200, 201, 202, 203, 204, 205, 207, 208, 210, 211, 213, 214, 215, 216, 217, 218, 220, 221], "excluded_lines": []}, "/Library/Python/3.9/site-packages/urllib3-1.26.14-py3.9.egg/urllib3/util/timeout.py": {"executed_lines": [1, 3, 7, 9, 13, 17, 20, 21, 100, 102, 108, 117, 119, 120, 165, 166, 181, 195, 206, 220, 221, 238, 239], "summary": {"covered_lines": 22, "num_statements": 64, "percent_covered": 34.375, "percent_covered_display": "34", "missing_lines": 42, "excluded_lines": 0}, "missing_lines": [103, 104, 105, 106, 109, 130, 131, 133, 134, 136, 137, 141, 142, 143, 144, 149, 150, 151, 156, 158, 163, 179, 193, 201, 202, 203, 204, 214, 215, 218, 230, 231, 233, 234, 236, 255, 262, 263, 264, 265, 266, 268], "excluded_lines": []}, "/Library/Python/3.9/site-packages/urllib3-1.26.14-py3.9.egg/urllib3/util/url.py": {"executed_lines": [1, 3, 4, 6, 7, 9, 13, 17, 18, 19, 28, 29, 30, 31, 32, 53, 54, 55, 56, 57, 58, 60, 61, 62, 63, 64, 66, 71, 73, 76, 77, 78, 79, 82, 83, 89, 91, 101, 103, 104, 105, 109, 110, 114, 115, 124, 125, 131, 132, 171, 175, 210, 214, 217, 222, 226, 227, 228, 230, 232, 233, 234, 237, 238, 241, 244, 246, 247, 249, 251, 254, 255, 263, 268, 271, 274, 275, 276, 279, 280, 281, 298, 299, 302, 305, 306, 320, 323, 333, 355, 359, 360, 363, 364, 365, 367, 368, 370, 371, 372, 373, 374, 376, 381, 386, 388, 389, 390, 391, 392, 393, 403, 411, 412, 416, 417, 419, 430], "summary": {"covered_lines": 117, "num_statements": 205, "percent_covered": 57.073170731707314, "percent_covered_display": "57", "missing_lines": 88, "excluded_lines": 0}, "missing_lines": [102, 112, 117, 119, 120, 122, 127, 128, 129, 150, 151, 154, 155, 156, 157, 158, 159, 160, 161, 162, 163, 164, 165, 166, 167, 169, 172, 193, 194, 195, 196, 197, 198, 200, 201, 202, 204, 205, 207, 215, 239, 252, 258, 259, 264, 269, 277, 285, 286, 287, 288, 290, 291, 293, 294, 295, 297, 307, 308, 309, 310, 314, 315, 316, 317, 325, 326, 327, 328, 329, 330, 357, 361, 375, 377, 379, 382, 383, 384, 394, 396, 397, 404, 405, 407, 414, 434, 435], "excluded_lines": []}, "/Library/Python/3.9/site-packages/urllib3-1.26.14-py3.9.egg/urllib3/util/wait.py": {"executed_lines": [1, 2, 3, 4, 6, 7, 11, 14, 15, 40, 42, 70, 89, 109, 113, 126, 141, 148], "summary": {"covered_lines": 18, "num_statements": 76, "percent_covered": 23.68421052631579, "percent_covered_display": "24", "missing_lines": 58, "excluded_lines": 0}, "missing_lines": [8, 9, 43, 47, 48, 49, 51, 54, 55, 57, 59, 60, 62, 63, 64, 65, 66, 67, 71, 72, 73, 74, 75, 76, 77, 78, 84, 85, 86, 90, 91, 92, 93, 94, 95, 96, 97, 98, 101, 102, 103, 104, 106, 110, 117, 118, 119, 120, 121, 123, 132, 133, 134, 135, 137, 138, 145, 152], "excluded_lines": []}, "test_purpleair_api_error.py": {"executed_lines": [3, 8, 9, 11, 13, 16, 17, 18, 20, 21, 23, 29, 32, 35, 36, 39], "summary": {"covered_lines": 16, "num_statements": 17, "percent_covered": 94.11764705882354, "percent_covered_display": "94", "missing_lines": 1, "excluded_lines": 0}, "missing_lines": [40], "excluded_lines": []}, "test_purpleair_api_helpers.py": {"executed_lines": [3, 8, 9, 10, 11, 12, 13, 15, 17, 18, 21, 22, 23, 24, 26, 27, 28, 30, 36, 37, 40, 43, 61, 67, 70, 71, 73, 79, 82, 83, 85, 91, 97, 98, 99, 102, 104, 110, 113, 116, 118, 124, 127, 130, 132, 138, 140, 141, 142, 143, 146, 147, 148, 149, 150, 153, 154, 158, 164, 167, 168, 170, 176, 177, 178, 179, 180, 183, 184, 190, 197, 203, 204, 205, 206, 207, 210, 211, 217, 224, 230, 231, 232, 233, 234, 237, 238, 245, 251, 252, 253, 254, 255, 258, 259, 264, 271, 277, 278, 279, 280, 281, 284, 285, 286, 291, 298, 304, 305, 306, 309, 310, 316, 322, 328, 329, 330, 333, 334, 340, 346, 352, 353, 354, 357, 358, 359, 365, 371, 377, 378, 379, 382, 383, 389, 395, 401, 402, 403, 406, 407, 413, 419, 425, 426, 427, 430, 431, 432, 438, 445], "summary": {"covered_lines": 151, "num_statements": 153, "percent_covered": 98.69281045751634, "percent_covered_display": "99", "missing_lines": 2, "excluded_lines": 0}, "missing_lines": [101, 446], "excluded_lines": []}, "test_purpleair_local_api.py": {"executed_lines": [3, 8, 9, 10, 12, 14, 15, 18, 19, 20, 22, 23, 25, 31, 34, 35, 40, 42, 48, 49, 51, 57, 58, 60, 61, 64], "summary": {"covered_lines": 26, "num_statements": 27, "percent_covered": 96.29629629629629, "percent_covered_display": "96", "missing_lines": 1, "excluded_lines": 0}, "missing_lines": [65], "excluded_lines": []}, "test_purpleair_read_api.py": {"executed_lines": [3, 8, 9, 10, 12, 14, 17, 18, 19, 21, 22, 24, 30, 33, 34, 39, 41, 47, 50, 51, 56, 58, 64, 67, 68, 73, 75, 81, 86, 87, 92, 131], "summary": {"covered_lines": 32, "num_statements": 33, "percent_covered": 96.96969696969697, "percent_covered_display": "97", "missing_lines": 1, "excluded_lines": 0}, "missing_lines": [132], "excluded_lines": []}, "/Users/carlossantos/Library/Python/3.9/lib/python/site-packages/requests_mock/__init__.py": {"executed_lines": [13, 14, 15, 16, 17, 20], "summary": {"covered_lines": 6, "num_statements": 6, "percent_covered": 100.0, "percent_covered_display": "100", "missing_lines": 0, "excluded_lines": 0}, "missing_lines": [], "excluded_lines": []}, "/Users/carlossantos/Library/Python/3.9/lib/python/site-packages/requests_mock/adapter.py": {"executed_lines": [13, 15, 16, 17, 18, 20, 21, 22, 24, 26, 28, 29, 31, 32, 33, 35, 38, 40, 41, 43, 44, 46, 47, 54, 55, 58, 59, 62, 63, 66, 70, 71, 80, 81, 83, 91, 93, 94, 95, 96, 97, 98, 99, 102, 103, 104, 105, 106, 107, 109, 110, 111, 129, 130, 133, 134, 138, 139, 143, 147, 151, 154, 158, 159, 161, 162, 163, 164, 168, 173, 175, 176, 196, 198, 199, 202, 205, 207, 208, 213, 214, 219, 222, 225, 227, 228, 231, 232, 235, 236, 237, 238, 240, 241, 244, 246, 247, 248, 253, 254, 255, 256, 259, 263, 266, 272, 273, 274, 275, 276, 278, 281, 284, 285, 287, 295, 296, 304, 305, 307, 315, 317, 323], "summary": {"covered_lines": 120, "num_statements": 180, "percent_covered": 66.66666666666667, "percent_covered_display": "67", "missing_lines": 60, "excluded_lines": 0}, "missing_lines": [30, 49, 50, 51, 52, 56, 60, 64, 67, 113, 114, 115, 116, 117, 119, 120, 121, 124, 125, 126, 127, 131, 136, 140, 144, 148, 152, 155, 165, 166, 169, 170, 171, 178, 179, 180, 185, 186, 188, 189, 190, 191, 193, 194, 200, 203, 215, 220, 223, 249, 250, 251, 261, 264, 279, 282, 286, 318, 319, 320], "excluded_lines": []}, "/Users/carlossantos/Library/Python/3.9/lib/python/site-packages/requests_mock/compat.py": {"executed_lines": [14, 16, 17, 19, 25, 27, 28, 29, 30], "summary": {"covered_lines": 9, "num_statements": 13, "percent_covered": 69.23076923076923, "percent_covered_display": "69", "missing_lines": 4, "excluded_lines": 0}, "missing_lines": [20, 21, 22, 23], "excluded_lines": []}, "/Users/carlossantos/Library/Python/3.9/lib/python/site-packages/requests_mock/exceptions.py": {"executed_lines": [14, 15, 18, 19, 21, 24, 29, 30], "summary": {"covered_lines": 5, "num_statements": 7, "percent_covered": 71.42857142857143, "percent_covered_display": "71", "missing_lines": 2, "excluded_lines": 0}, "missing_lines": [22, 25], "excluded_lines": []}, "/Users/carlossantos/Library/Python/3.9/lib/python/site-packages/requests_mock/mocker.py": {"executed_lines": [13, 14, 15, 16, 17, 19, 20, 22, 23, 25, 26, 27, 28, 29, 30, 31, 33, 38, 41, 42, 43, 44, 46, 48, 52, 53, 55, 58, 63, 65, 68, 76, 77, 79, 82, 83, 89, 99, 122, 123, 126, 127, 128, 133, 134, 135, 137, 140, 145, 149, 150, 152, 153, 155, 160, 171, 184, 185, 195, 205, 207, 213, 214, 215, 218, 221, 230, 233, 234, 235, 237, 238, 240, 241, 243, 246, 249, 250, 252, 255, 258, 259, 262, 263, 267, 269, 277, 278, 280, 281, 282, 284, 285, 287, 293, 303, 321, 342], "summary": {"covered_lines": 96, "num_statements": 144, "percent_covered": 66.66666666666667, "percent_covered_display": "67", "missing_lines": 48, "excluded_lines": 0}, "missing_lines": [49, 50, 64, 124, 138, 146, 186, 187, 188, 189, 192, 200, 201, 203, 219, 222, 223, 224, 225, 226, 228, 244, 247, 253, 256, 288, 289, 291, 296, 301, 308, 309, 310, 311, 312, 314, 315, 317, 319, 328, 329, 330, 332, 333, 334, 336, 337, 339], "excluded_lines": []}, "/Users/carlossantos/Library/Python/3.9/lib/python/site-packages/requests_mock/request.py": {"executed_lines": [13, 14, 16, 17, 18, 21, 22, 28, 29, 30, 31, 32, 36, 37, 38, 39, 40, 41, 45, 47, 51, 54, 56, 57, 58, 59, 61, 62, 64, 66, 68, 69, 70, 72, 73, 74, 76, 77, 83, 84, 102, 103, 104, 106, 107, 108, 110, 111, 117, 118, 121, 122, 125, 126, 129, 130, 133, 134, 137, 138, 141, 142, 145, 146, 154, 157, 163, 164, 177], "summary": {"covered_lines": 68, "num_statements": 105, "percent_covered": 64.76190476190476, "percent_covered_display": "65", "missing_lines": 37, "excluded_lines": 0}, "missing_lines": [52, 78, 79, 80, 81, 85, 87, 88, 89, 90, 92, 93, 94, 95, 100, 112, 113, 115, 119, 123, 127, 131, 135, 139, 143, 147, 149, 150, 152, 155, 159, 160, 161, 172, 173, 175, 178], "excluded_lines": []}, "/Users/carlossantos/Library/Python/3.9/lib/python/site-packages/requests_mock/response.py": {"executed_lines": [13, 15, 16, 17, 18, 19, 20, 21, 23, 24, 26, 27, 35, 36, 39, 41, 67, 69, 71, 75, 77, 82, 83, 85, 90, 94, 103, 104, 109, 113, 114, 121, 122, 127, 131, 136, 137, 139, 142, 163, 165, 167, 168, 169, 170, 171, 172, 173, 175, 177, 180, 181, 182, 183, 184, 185, 186, 187, 188, 189, 190, 193, 202, 203, 205, 206, 208, 210, 213, 214, 216, 217, 218, 219, 220, 223, 225, 226, 231, 234, 235, 240, 241, 243, 247, 251, 253, 258, 259, 262, 268, 269, 271], "summary": {"covered_lines": 90, "num_statements": 106, "percent_covered": 84.90566037735849, "percent_covered_display": "85", "missing_lines": 16, "excluded_lines": 0}, "missing_lines": [64, 72, 78, 86, 88, 91, 110, 123, 128, 176, 178, 232, 245, 249, 254, 260], "excluded_lines": []}}, "totals": {"covered_lines": 3270, "num_statements": 7959, "percent_covered": 41.085563513004146, "percent_covered_display": "41", "missing_lines": 4689, "excluded_lines": 46}}